─ Session info ─────────────────────────────────────────────────────────────────────────────────────────────────────────────────────────────────────────────────────────────────────────────────────────────────────────────────────────────────
 setting  value
 version  R version 4.3.1 (2023-06-16)
 os       Red Hat Enterprise Linux 8.4 (Ootpa)
 system   x86_64, linux-gnu
 ui       X11
 language (EN)
 collate  en_US.UTF-8
 ctype    en_US.UTF-8
 tz       America/Chicago
 date     2024-08-12
 pandoc   NA

─ Packages ─────────────────────────────────────────────────────────────────────────────────────────────────────────────────────────────────────────────────────────────────────────────────────────────────────────────────────────────────────
 package     * version    date (UTC) lib source
 cli           3.6.2      2023-12-11 [2] CRAN (R 4.3.1)
 colorspace    2.1-0      2023-01-23 [2] CRAN (R 4.3.1)
 dplyr         1.1.4      2023-11-17 [2] CRAN (R 4.3.1)
 fansi         1.0.6      2023-12-08 [2] CRAN (R 4.3.1)
 generics      0.1.3      2022-07-05 [2] CRAN (R 4.3.1)
 ggplot2       3.4.4      2023-10-12 [2] CRAN (R 4.3.1)
 glue          1.7.0      2024-01-09 [2] CRAN (R 4.3.1)
 gtable        0.3.5      2024-04-22 [2] CRAN (R 4.3.1)
 JuliaCall   * 0.17.5     2024-05-22 [1] Github (Non-Contradiction/JuliaCall@c05473b)
 knitr         1.46       2024-04-06 [1] CRAN (R 4.3.1)
 lifecycle     1.0.4      2023-11-07 [2] CRAN (R 4.3.1)
 magrittr      2.0.3      2022-03-30 [2] CRAN (R 4.3.1)
 MASS          7.3-60.0.1 2024-01-13 [2] CRAN (R 4.3.1)
 munsell       0.5.1      2024-04-01 [2] CRAN (R 4.3.1)
 pillar        1.9.0      2023-03-22 [2] CRAN (R 4.3.1)
 pkgconfig     2.0.3      2019-09-22 [2] CRAN (R 4.3.1)
 R6            2.5.1      2021-08-19 [2] CRAN (R 4.3.1)
 Rcpp          1.0.12     2024-01-09 [2] CRAN (R 4.3.1)
 rdrobust    * 2.2        2023-11-03 [1] CRAN (R 4.3.1)
 rlang         1.1.3      2024-01-10 [2] CRAN (R 4.3.1)
 scales        1.3.0      2023-11-28 [2] CRAN (R 4.3.1)
 sessioninfo * 1.2.2      2021-12-06 [2] CRAN (R 4.3.1)
 tibble      * 3.2.1      2023-03-20 [2] CRAN (R 4.3.1)
 tidyselect    1.2.1      2024-03-11 [2] CRAN (R 4.3.1)
 utf8          1.2.4      2023-10-22 [2] CRAN (R 4.3.1)
 vctrs         0.6.5      2023-12-01 [2] CRAN (R 4.3.1)
 xfun          0.44       2024-05-15 [1] CRAN (R 4.3.1)

 [1] /home/ignat/R/x86_64-pc-linux-gnu-library/4.3
 [2] /software/R-4.3.1-el8-x86_64/lib64/R/library

────────────────────────────────────────────────────────────────────────────────────────────────────────────────────────────────────────────────────────────────────────────────────────────────────────────────────────────────────────────────
